  main.cpp
c:\users\ian\desktop\it360\opengl_crowd_sim_c++\ex3\src\main.cpp(25): warning C4305: 'initializing': truncation from 'double' to 'float'
c:\users\ian\desktop\it360\opengl_crowd_sim_c++\ex3\src\main.cpp(48): warning C4244: '=': conversion from 'int' to 'float', possible loss of data
c:\users\ian\desktop\it360\opengl_crowd_sim_c++\ex3\src\main.cpp(49): warning C4244: '=': conversion from 'int' to 'float', possible loss of data
c:\users\ian\desktop\it360\opengl_crowd_sim_c++\ex3\src\main.cpp(82): warning C4244: '=': conversion from 'double' to 'float', possible loss of data
c:\users\ian\desktop\it360\opengl_crowd_sim_c++\ex3\src\main.cpp(86): warning C4244: '=': conversion from 'double' to 'float', possible loss of data
c:\users\ian\desktop\it360\opengl_crowd_sim_c++\ex3\src\main.cpp(90): warning C4244: '=': conversion from 'double' to 'float', possible loss of data
c:\users\ian\desktop\it360\opengl_crowd_sim_c++\ex3\src\main.cpp(94): warning C4244: '=': conversion from 'double' to 'float', possible loss of data
c:\users\ian\desktop\it360\opengl_crowd_sim_c++\ex3\src\main.cpp(99): warning C4305: 'initializing': truncation from 'double' to 'float'
c:\users\ian\desktop\it360\opengl_crowd_sim_c++\ex3\src\main.cpp(115): warning C4244: 'initializing': conversion from 'double' to 'float', possible loss of data
c:\users\ian\desktop\it360\opengl_crowd_sim_c++\ex3\src\main.cpp(166): warning C4244: 'initializing': conversion from 'double' to 'float', possible loss of data
c:\users\ian\desktop\it360\opengl_crowd_sim_c++\ex3\src\main.cpp(182): warning C4244: '=': conversion from 'double' to 'float', possible loss of data
c:\users\ian\desktop\it360\opengl_crowd_sim_c++\ex3\src\main.cpp(374): warning C4244: 'initializing': conversion from 'float' to 'int', possible loss of data
c:\users\ian\desktop\it360\opengl_crowd_sim_c++\ex3\src\main.cpp(375): warning C4244: 'initializing': conversion from 'float' to 'int', possible loss of data
c:\users\ian\desktop\it360\opengl_crowd_sim_c++\ex3\src\main.cpp(377): warning C4244: 'initializing': conversion from 'float' to 'int', possible loss of data
c:\users\ian\desktop\it360\opengl_crowd_sim_c++\ex3\src\main.cpp(378): warning C4244: 'initializing': conversion from 'float' to 'int', possible loss of data
c:\users\ian\desktop\it360\opengl_crowd_sim_c++\ex3\src\main.cpp(380): warning C4244: 'initializing': conversion from 'int' to 'float', possible loss of data
c:\users\ian\desktop\it360\opengl_crowd_sim_c++\ex3\src\main.cpp(592): warning C4477: 'printf' : format string '%s' requires an argument of type 'char *', but variadic argument 1 has type 'GLenum'
c:\users\ian\desktop\it360\opengl_crowd_sim_c++\ex3\src\main.cpp(602): warning C4477: 'printf' : format string '%s' requires an argument of type 'char *', but variadic argument 1 has type 'GLenum'
c:\users\ian\desktop\it360\opengl_crowd_sim_c++\ex3\src\main.cpp(613): warning C4477: 'printf' : format string '%s' requires an argument of type 'char *', but variadic argument 1 has type 'GLenum'
c:\users\ian\desktop\it360\opengl_crowd_sim_c++\ex3\src\main.cpp(630): warning C4244: 'return': conversion from 'double' to 'int', possible loss of data
c:\users\ian\desktop\it360\opengl_crowd_sim_c++\ex3\src\main.cpp(635): warning C4244: 'return': conversion from 'double' to 'float', possible loss of data
c:\users\ian\desktop\it360\opengl_crowd_sim_c++\ex3\src\main.cpp(700): warning C4244: 'argument': conversion from 'int' to 'GLfloat', possible loss of data
c:\users\ian\desktop\it360\opengl_crowd_sim_c++\ex3\src\main.cpp(702): warning C4244: 'argument': conversion from 'int' to 'GLfloat', possible loss of data
c:\users\ian\desktop\it360\opengl_crowd_sim_c++\ex3\src\main.cpp(704): warning C4244: 'argument': conversion from 'int' to 'GLfloat', possible loss of data
c:\users\ian\desktop\it360\opengl_crowd_sim_c++\ex3\src\main.cpp(706): warning C4244: 'argument': conversion from 'int' to 'GLfloat', possible loss of data
c:\users\ian\desktop\it360\opengl_crowd_sim_c++\ex3\src\main.cpp(740): warning C4244: 'initializing': conversion from 'double' to 'int', possible loss of data
c:\users\ian\desktop\it360\opengl_crowd_sim_c++\ex3\src\main.cpp(737): warning C4101: 'e': unreferenced local variable
  Generating code
  8 of 272 functions ( 2.9%) were compiled, the rest were copied from previous compilation.
    1 functions were new in current compilation
    11 functions had inline decision re-evaluated but remain unchanged
  Finished generating code
  ex3.vcxproj -> C:\Users\Ian\Desktop\IT360\OpenGL_Crowd_Sim_C++\ex3\ex3\Release\ex3.exe
