  main.cpp
c:\users\ian\desktop\it360\opengl_crowd_sim_c++\ex3\src\main.cpp(25): warning C4305: 'initializing': truncation from 'double' to 'float'
c:\users\ian\desktop\it360\opengl_crowd_sim_c++\ex3\src\main.cpp(48): warning C4244: '=': conversion from 'int' to 'float', possible loss of data
c:\users\ian\desktop\it360\opengl_crowd_sim_c++\ex3\src\main.cpp(49): warning C4244: '=': conversion from 'int' to 'float', possible loss of data
c:\users\ian\desktop\it360\opengl_crowd_sim_c++\ex3\src\main.cpp(82): warning C4244: '=': conversion from 'double' to 'float', possible loss of data
c:\users\ian\desktop\it360\opengl_crowd_sim_c++\ex3\src\main.cpp(86): warning C4244: '=': conversion from 'double' to 'float', possible loss of data
c:\users\ian\desktop\it360\opengl_crowd_sim_c++\ex3\src\main.cpp(90): warning C4244: '=': conversion from 'double' to 'float', possible loss of data
c:\users\ian\desktop\it360\opengl_crowd_sim_c++\ex3\src\main.cpp(94): warning C4244: '=': conversion from 'double' to 'float', possible loss of data
c:\users\ian\desktop\it360\opengl_crowd_sim_c++\ex3\src\main.cpp(99): warning C4305: 'initializing': truncation from 'double' to 'float'
c:\users\ian\desktop\it360\opengl_crowd_sim_c++\ex3\src\main.cpp(115): warning C4244: 'initializing': conversion from 'double' to 'float', possible loss of data
c:\users\ian\desktop\it360\opengl_crowd_sim_c++\ex3\src\main.cpp(166): warning C4244: 'initializing': conversion from 'double' to 'float', possible loss of data
c:\users\ian\desktop\it360\opengl_crowd_sim_c++\ex3\src\main.cpp(182): warning C4244: '=': conversion from 'double' to 'float', possible loss of data
c:\users\ian\desktop\it360\opengl_crowd_sim_c++\ex3\src\main.cpp(346): warning C4244: 'initializing': conversion from 'float' to 'int', possible loss of data
c:\users\ian\desktop\it360\opengl_crowd_sim_c++\ex3\src\main.cpp(347): warning C4244: 'initializing': conversion from 'float' to 'int', possible loss of data
c:\users\ian\desktop\it360\opengl_crowd_sim_c++\ex3\src\main.cpp(349): warning C4244: 'initializing': conversion from 'float' to 'int', possible loss of data
c:\users\ian\desktop\it360\opengl_crowd_sim_c++\ex3\src\main.cpp(350): warning C4244: 'initializing': conversion from 'float' to 'int', possible loss of data
c:\users\ian\desktop\it360\opengl_crowd_sim_c++\ex3\src\main.cpp(352): warning C4244: 'initializing': conversion from 'int' to 'float', possible loss of data
c:\users\ian\desktop\it360\opengl_crowd_sim_c++\ex3\src\main.cpp(381): warning C4018: '<': signed/unsigned mismatch
c:\users\ian\desktop\it360\opengl_crowd_sim_c++\ex3\src\main.cpp(399): warning C4244: 'initializing': conversion from 'int' to 'float', possible loss of data
c:\users\ian\desktop\it360\opengl_crowd_sim_c++\ex3\src\main.cpp(402): warning C4244: 'argument': conversion from 'float' to 'int', possible loss of data
c:\users\ian\desktop\it360\opengl_crowd_sim_c++\ex3\src\main.cpp(578): warning C4477: 'printf' : format string '%s' requires an argument of type 'char *', but variadic argument 1 has type 'GLenum'
c:\users\ian\desktop\it360\opengl_crowd_sim_c++\ex3\src\main.cpp(588): warning C4477: 'printf' : format string '%s' requires an argument of type 'char *', but variadic argument 1 has type 'GLenum'
c:\users\ian\desktop\it360\opengl_crowd_sim_c++\ex3\src\main.cpp(599): warning C4477: 'printf' : format string '%s' requires an argument of type 'char *', but variadic argument 1 has type 'GLenum'
c:\users\ian\desktop\it360\opengl_crowd_sim_c++\ex3\src\main.cpp(616): warning C4244: 'return': conversion from 'double' to 'int', possible loss of data
c:\users\ian\desktop\it360\opengl_crowd_sim_c++\ex3\src\main.cpp(621): warning C4244: 'return': conversion from 'double' to 'float', possible loss of data
c:\users\ian\desktop\it360\opengl_crowd_sim_c++\ex3\src\main.cpp(686): warning C4244: 'argument': conversion from 'int' to 'GLfloat', possible loss of data
c:\users\ian\desktop\it360\opengl_crowd_sim_c++\ex3\src\main.cpp(688): warning C4244: 'argument': conversion from 'int' to 'GLfloat', possible loss of data
c:\users\ian\desktop\it360\opengl_crowd_sim_c++\ex3\src\main.cpp(690): warning C4244: 'argument': conversion from 'int' to 'GLfloat', possible loss of data
c:\users\ian\desktop\it360\opengl_crowd_sim_c++\ex3\src\main.cpp(692): warning C4244: 'argument': conversion from 'int' to 'GLfloat', possible loss of data
c:\users\ian\desktop\it360\opengl_crowd_sim_c++\ex3\src\main.cpp(726): warning C4244: 'initializing': conversion from 'double' to 'int', possible loss of data
c:\users\ian\desktop\it360\opengl_crowd_sim_c++\ex3\src\main.cpp(723): warning C4101: 'e': unreferenced local variable
  ex3.vcxproj -> C:\Users\Ian\Desktop\IT360\OpenGL_Crowd_Sim_C++\ex3\ex3\Debug\ex3.exe
